front/app/build/outputs/mapping/release/mapping.txt
# compiler: R8
# compiler_version: 8.5.10
# min_api: 21
# common_typos_disable
# {"id":"com.android.tools.r8.mapping","version":"2.2"}
# pg_map_id: 538e993
# pg_map_hash: SHA-256 538e99312ee4c88d59120aae34caaee7e3c76c764aba0c05ff0ab461f37dd09b
app.netlify.appempresa.twa.Application -> app.netlify.appempresa.twa.Application:
# {"id":"sourceFile","fileName":"Application.java"}
app.netlify.appempresa.twa.DelegationService -> app.netlify.appempresa.twa.DelegationService:
# {"id":"sourceFile","fileName":"DelegationService.java"}
app.netlify.appempresa.twa.LauncherActivity -> app.netlify.appempresa.twa.LauncherActivity:
# {"id":"sourceFile","fileName":"LauncherActivity.java"}
    1:1:android.net.Uri getLaunchingUrl():0:0 -> h
...
android.support.customtabs.ICustomTabsCallback -> a.a:
# {"id":"sourceFile","fileName":"ICustomTabsCallback.java"}
    void onPostMessage(java.lang.String,android.os.Bundle) -> c
    void extraCallback(java.lang.String,android.os.Bundle) -> f
    void onMessageChannelReady(android.os.Bundle) -> h
    android.os.Bundle extraCallbackWithResult(java.lang.String,android.os.Bundle) -> m
    void onNavigationEvent(int,android.os.Bundle) -> n
    void onRelationshipValidationResult(int,android.net.Uri,boolean,android.os.Bundle) -> q
android.support.customtabs.ICustomTabsCallback$Stub -> a.a$a:
# {"id":"sourceFile","fileName":"ICustomTabsCallback.java"}
    1:9:void <init>():0:0 -> <init>
    1:1:android.os.IBinder asBinder():0:0 -> asBinder
    1:1:boolean onTransact(int,android.os.Parcel,android.os.Parcel,int):0:0 -> onTransact
android.support.customtabs.ICustomTabsService -> a.b:
# {"id":"sourceFile","fileName":"ICustomTabsService.java"}
    boolean newSession(android.support.customtabs.ICustomTabsCallback) -> b
      # {"id":"com.android.tools.r8.residualsignature","signature":"(La/a;)Z"}
    boolean receiveFile(android.support.customtabs.ICustomTabsCallback,android.net.Uri,int,android.os.Bundle) -> d
      # {"id":"com.android.tools.r8.residualsignature","signature":"(La/a;Landroid/net/Uri;ILandroid/os/Bundle;)Z"}
    boolean newSessionWithExtras(android.support.customtabs.ICustomTabsCallback,android.os.Bundle) -> g
      # {"id":"com.android.tools.r8.residualsignature","signature":"(La/a;Landroid/os/Bundle;)Z"}
    boolean warmup(long) -> l
    boolean validateRelationship(android.support.customtabs.ICustomTabsCallback,int,android.net.Uri,android.os.Bundle) -> r
      # {"id":"com.android.tools.r8.residualsignature","signature":"(La/a;ILandroid/net/Uri;Landroid/os/Bundle;)Z"}
android.support.customtabs.ICustomTabsService$Stub -> a.b$a:
# {"id":"sourceFile","fileName":"ICustomTabsService.java"}
    5:25:android.support.customtabs.ICustomTabsService asInterface(android.os.IBinder):0:0 -> s
      # {"id":"com.android.tools.r8.residualsignature","signature":"(Landroid/os/IBinder;)La/b;"}
    1:3:android.support.customtabs.ICustomTabsService getDefaultImpl():0:0 -> t
      # {"id":"com.android.tools.r8.residualsignature","signature":"()La/b;"}
android.support.customtabs.ICustomTabsService$Stub$Proxy -> a.b$a$a:
# {"id":"sourceFile","fileName":"ICustomTabsService.java"}
    android.os.IBinder mRemote -> a
    android.support.customtabs.ICustomTabsService sDefaultImpl -> b
      # {"id":"com.android.tools.r8.residualsignature","signature":"La/b;"}
    1:6:void <init>(android.os.IBinder):0:0 -> <init>
    1:3:android.os.IBinder asBinder():0:0 -> asBinder
    1:81:boolean newSession(android.support.customtabs.ICustomTabsCallback):0:0 -> b
      # {"id":"com.android.tools.r8.residualsignature","signature":"(La/a;)Z"}
    1:111:boolean receiveFile(android.support.customtabs.ICustomTabsCallback,android.net.Uri,int,android.os.Bundle):0:0 -> d
      # {"id":"com.android.tools.r8.residualsignature","signature":"(La/a;Landroid/net/Uri;ILandroid/os/Bundle;)Z"}
    1:96:boolean newSessionWithExtras(android.support.customtabs.ICustomTabsCallback,android.os.Bundle):0:0 -> g
      # {"id":"com.android.tools.r8.residualsignature","signature":"(La/a;Landroid/os/Bundle;)Z"}
    1:73:boolean warmup(long):0:0 -> l
    1:111:boolean validateRelationship(android.support.customtabs.ICustomTabsCallback,int,android.net.Uri,android.os.Bundle):0:0 -> r
      # {"id":"com.android.tools.r8.residualsignature","signature":"(La/a;ILandroid/net/Uri;Landroid/os/Bundle;)Z"}
android.support.customtabs.trusted.ITrustedWebActivityCallback -> b.a:
# {"id":"sourceFile","fileName":"ITrustedWebActivityCallback.java"}