front/app/build/outputs/mapping/release/usage.txt
app.netlify.appempresa.twa.R$bool
app.netlify.appempresa.twa.R$color
app.netlify.appempresa.twa.R$drawable
app.netlify.appempresa.twa.R$integer
app.netlify.appempresa.twa.R$mipmap
app.netlify.appempresa.twa.R$raw
app.netlify.appempresa.twa.R$string
app.netlify.appempresa.twa.R$xml
app.netlify.appempresa.twa.R
...
androidx.browser.trusted.TrustedWebActivityServiceConnectionPool$BindToServiceAsyncTask
androidx.browser.trusted.TrustedWebActivityServiceConnectionPool
androidx.browser.trusted.sharing.ShareData:
    public static final java.lang.String KEY_TEXT
    public static final java.lang.String KEY_TITLE
    public static final java.lang.String KEY_URIS
    public static androidx.browser.trusted.sharing.ShareData fromBundle(android.os.Bundle)
androidx.browser.trusted.sharing.ShareTarget$EncodingType
androidx.browser.trusted.sharing.ShareTarget$FileFormField:
    public static final java.lang.String KEY_ACCEPTED_TYPES
    public static final java.lang.String KEY_NAME
    static androidx.browser.trusted.sharing.ShareTarget$FileFormField fromBundle(android.os.Bundle)
androidx.browser.trusted.sharing.ShareTarget$Params:
    public static final java.lang.String KEY_FILES
    public static final java.lang.String KEY_TEXT
    public static final java.lang.String KEY_TITLE
    static androidx.browser.trusted.sharing.ShareTarget$Params fromBundle(android.os.Bundle)
androidx.browser.trusted.sharing.ShareTarget$RequestMethod
androidx.browser.trusted.sharing.ShareTarget:
    public static final java.lang.String ENCODING_TYPE_MULTIPART
    public static final java.lang.String ENCODING_TYPE_URL_ENCODED
    public static final java.lang.String KEY_ACTION
    public static final java.lang.String KEY_ENCTYPE
    public static final java.lang.String KEY_METHOD
    public static final java.lang.String KEY_PARAMS
    public static final java.lang.String METHOD_GET
    public static final java.lang.String METHOD_POST
    public static androidx.browser.trusted.sharing.ShareTarget fromBundle(android.os.Bundle)
androidx.browser.trusted.splashscreens.SplashScreenParamKey
androidx.browser.trusted.splashscreens.SplashScreenVersion
androidx.collection.ArrayMap:
    public void <init>(int)
    public void <init>(androidx.collection.SimpleArrayMap)
    public boolean containsAll(java.util.Collection)
    public boolean removeAll(java.util.Collection)
    public boolean retainAll(java.util.Collection)
androidx.collection.ArraySet$1
androidx.collection.ArraySet
androidx.collection.CircularArray
androidx.collection.CircularIntArray
androidx.collection.ContainerHelpers:
    private void <init>()
    static int binarySearch(long[],int,long)
    public static int idealByteArraySize(int)
    public static int idealIntArraySize(int)
    public static int idealLongArraySize(int)
androidx.collection.LongSparseArray
androidx.collection.LruCache
androidx.collection.SimpleArrayMap:
    private static final int BASE_SIZE
    private static final int CACHE_SIZE
    private static final boolean CONCURRENT_MODIFICATION_EXCEPTIONS
    private static final boolean DEBUG
    private static final java.lang.String TAG
    public void <init>(int)
    public void <init>(androidx.collection.SimpleArrayMap)
    public void putAll(androidx.collection.SimpleArrayMap)
androidx.collection.SparseArrayCompat
androidx.concurrent.futures.AbstractResolvableFuture$1
androidx.concurrent.futures.AbstractResolvableFuture$AtomicHelper
androidx.concurrent.futures.AbstractResolvableFuture$Cancellation
androidx.concurrent.futures.AbstractResolvableFuture$Failure$1
androidx.concurrent.futures.AbstractResolvableFuture$Failure
androidx.concurrent.futures.AbstractResolvableFuture$Listener
androidx.concurrent.futures.AbstractResolvableFuture$SafeAtomicHelper
androidx.concurrent.futures.AbstractResolvableFuture$SetFuture
androidx.concurrent.futures.AbstractResolvableFuture$SynchronizedHelper
androidx.concurrent.futures.AbstractResolvableFuture$Waiter
androidx.concurrent.futures.AbstractResolvableFuture
androidx.concurrent.futures.CallbackToFutureAdapter$Completer
androidx.concurrent.futures.CallbackToFutureAdapter$FutureGarbageCollectedException
androidx.concurrent.futures.CallbackToFutureAdapter$Resolver
androidx.concurrent.futures.CallbackToFutureAdapter$SafeFuture$1